C:\Users\jonathan.vahos\OneDrive - SoftwareOne\Desktop\Proyecto Practica\ProyectoTareas\ProyectoTareas\Controllers\TareasController.cs
GetTareas 9
GetTareas -1
GetTarea 5
GetTarea -1
PostTareas 4
PostTareas -1
PutTarea 4
PutTarea -1
DeleteTareas 3
DeleteTareas -1

C:\Users\jonathan.vahos\OneDrive - SoftwareOne\Desktop\Proyecto Practica\ProyectoTareas\ProyectoTareas\Data\TareasDbContext.cs
OnModelCreating 8
OnModelCreating -1

C:\Users\jonathan.vahos\OneDrive - SoftwareOne\Desktop\Proyecto Practica\ProyectoTareas\ProyectoTareas\Mappings\MappingProfile.cs

C:\Users\jonathan.vahos\OneDrive - SoftwareOne\Desktop\Proyecto Practica\ProyectoTareas\ProyectoTareas\Migrations\20250121153019_InitialCreate.cs
Up 3
Up -1
Down 40
Down -1

C:\Users\jonathan.vahos\OneDrive - SoftwareOne\Desktop\Proyecto Practica\ProyectoTareas\ProyectoTareas\Migrations\20250121153019_InitialCreate.Designer.cs
BuildTargetModel 4
BuildTargetModel -1

C:\Users\jonathan.vahos\OneDrive - SoftwareOne\Desktop\Proyecto Practica\ProyectoTareas\ProyectoTareas\Migrations\TareasDbContextModelSnapshot.cs
BuildModel 3
BuildModel -1

C:\Users\jonathan.vahos\OneDrive - SoftwareOne\Desktop\Proyecto Practica\ProyectoTareas\ProyectoTareas\Models\IOpereaciones.cs
AgregarAsync 3
AgregarAsync -1
BuscarPorIdAsync 3
BuscarPorIdAsync -1
ObtenerTodosAsync 3
ObtenerTodosAsync -1
ActualizarAsync 3
ActualizarAsync -1
EliminarAsync 4
EliminarAsync -1

C:\Users\jonathan.vahos\OneDrive - SoftwareOne\Desktop\Proyecto Practica\ProyectoTareas\ProyectoTareas\Models\RepositorioTareas.cs
AgregarAsync 3
AgregarAsync -1
BuscarPorIdAsync 3
BuscarPorIdAsync -1
ObtenerTodosAsync 3
ObtenerTodosAsync -1
ActualizarAsync 4
ActualizarAsync -1
EliminarAsync 4
EliminarAsync -1

C:\Users\jonathan.vahos\OneDrive - SoftwareOne\Desktop\Proyecto Practica\ProyectoTareas\ProyectoTareas\Models\Tarea.cs
MostrarTarea 13
MostrarTarea -1

C:\Users\jonathan.vahos\OneDrive - SoftwareOne\Desktop\Proyecto Practica\ProyectoTareas\ProyectoTareas\Models\TareaBase.cs
MostrarTarea 3
MostrarTarea -1

C:\Users\jonathan.vahos\OneDrive - SoftwareOne\Desktop\Proyecto Practica\ProyectoTareas\ProyectoTareas\Models\TareaDTO.cs

C:\Users\jonathan.vahos\OneDrive - SoftwareOne\Desktop\Proyecto Practica\ProyectoTareas\ProyectoTareas\Program.cs
Main 4
Main -1

C:\Users\jonathan.vahos\OneDrive - SoftwareOne\Desktop\Proyecto Practica\ProyectoTareas\ProyectoTareas\obj\Debug\net8.0\ProyectoTareas.GlobalUsings.g.cs

C:\Users\jonathan.vahos\OneDrive - SoftwareOne\Desktop\Proyecto Practica\ProyectoTareas\ProyectoTareas\obj\Debug\net8.0\.NETCoreApp,Version=v8.0.AssemblyAttributes.cs

C:\Users\jonathan.vahos\OneDrive - SoftwareOne\Desktop\Proyecto Practica\ProyectoTareas\ProyectoTareas\obj\Debug\net8.0\ProyectoTareas.AssemblyInfo.cs

C:\Users\jonathan.vahos\OneDrive - SoftwareOne\Desktop\Proyecto Practica\ProyectoTareas\ProyectoTareas\obj\Debug\net8.0\ProyectoTareas.MvcApplicationPartsAssemblyInfo.cs

