C:\Users\jonathan.vahos\OneDrive - SoftwareOne\Desktop\Proyecto Practica\ProyectoTareas\ProyectoTareas\Controllers\TareasController.cs
GetTareas 13
GetTareas -1
GetTarea 7
GetTarea -1
PostTareas 5
PostTareas -1
PutTarea 5
PutTarea -1
DeleteTareas 5
DeleteTareas -1

C:\Users\jonathan.vahos\OneDrive - SoftwareOne\Desktop\Proyecto Practica\ProyectoTareas\ProyectoTareas\Data\TareasDbContext.cs
OnModelCreating 16
OnModelCreating -1

C:\Users\jonathan.vahos\OneDrive - SoftwareOne\Desktop\Proyecto Practica\ProyectoTareas\ProyectoTareas\Mappings\MappingProfile.cs

C:\Users\jonathan.vahos\OneDrive - SoftwareOne\Desktop\Proyecto Practica\ProyectoTareas\ProyectoTareas\Migrations\20250121153019_InitialCreate.cs
Up 5
Up -1
Down 107
Down -1

C:\Users\jonathan.vahos\OneDrive - SoftwareOne\Desktop\Proyecto Practica\ProyectoTareas\ProyectoTareas\Migrations\20250121153019_InitialCreate.Designer.cs
BuildTargetModel 6
BuildTargetModel -1

C:\Users\jonathan.vahos\OneDrive - SoftwareOne\Desktop\Proyecto Practica\ProyectoTareas\ProyectoTareas\Migrations\TareasDbContextModelSnapshot.cs
BuildModel 5
BuildModel -1

C:\Users\jonathan.vahos\OneDrive - SoftwareOne\Desktop\Proyecto Practica\ProyectoTareas\ProyectoTareas\Models\IOpereaciones.cs
AgregarAsync 5
AgregarAsync -1
BuscarPorIdAsync 5
BuscarPorIdAsync -1
ObtenerTodosAsync 6
ObtenerTodosAsync -1
ActualizarAsync 5
ActualizarAsync -1
EliminarAsync 5
EliminarAsync -1

C:\Users\jonathan.vahos\OneDrive - SoftwareOne\Desktop\Proyecto Practica\ProyectoTareas\ProyectoTareas\Models\RepositorioTareas.cs
AgregarAsync 5
AgregarAsync -1
BuscarPorIdAsync 6
BuscarPorIdAsync -1
ObtenerTodosAsync 5
ObtenerTodosAsync -1
ActualizarAsync 6
ActualizarAsync -1
EliminarAsync 5
EliminarAsync -1

C:\Users\jonathan.vahos\OneDrive - SoftwareOne\Desktop\Proyecto Practica\ProyectoTareas\ProyectoTareas\Models\Tarea.cs
MostrarTarea 24
MostrarTarea -1

C:\Users\jonathan.vahos\OneDrive - SoftwareOne\Desktop\Proyecto Practica\ProyectoTareas\ProyectoTareas\Models\TareaBase.cs
MostrarTarea 5
MostrarTarea -1

C:\Users\jonathan.vahos\OneDrive - SoftwareOne\Desktop\Proyecto Practica\ProyectoTareas\ProyectoTareas\Models\TareaDTO.cs

C:\Users\jonathan.vahos\OneDrive - SoftwareOne\Desktop\Proyecto Practica\ProyectoTareas\ProyectoTareas\Program.cs
Main 5
Main -1

C:\Users\jonathan.vahos\OneDrive - SoftwareOne\Desktop\Proyecto Practica\ProyectoTareas\ProyectoTareas\obj\Debug\net8.0\ProyectoTareas.GlobalUsings.g.cs

C:\Users\jonathan.vahos\OneDrive - SoftwareOne\Desktop\Proyecto Practica\ProyectoTareas\ProyectoTareas\obj\Debug\net8.0\.NETCoreApp,Version=v8.0.AssemblyAttributes.cs

C:\Users\jonathan.vahos\OneDrive - SoftwareOne\Desktop\Proyecto Practica\ProyectoTareas\ProyectoTareas\obj\Debug\net8.0\ProyectoTareas.AssemblyInfo.cs

C:\Users\jonathan.vahos\OneDrive - SoftwareOne\Desktop\Proyecto Practica\ProyectoTareas\ProyectoTareas\obj\Debug\net8.0\ProyectoTareas.MvcApplicationPartsAssemblyInfo.cs

